# JRE version: Java(TM) SE Runtime Environment (8.0_192-b12) (build 1.8.0_192-b12)
# Java VM: Java HotSpot(TM) 64-Bit Server VM (25.192-b12 mixed mode windows-amd64 compressed oops)
Heap:
 PSYoungGen      total 35328K, used 33383K [0x00000000d5e00000, 0x00000000da400000, 0x0000000100000000)
  eden space 30208K, 93% used [0x00000000d5e00000,0x00000000d799b580,0x00000000d7b80000)
  from space 5120K, 99% used [0x00000000d8380000,0x00000000d887e750,0x00000000d8880000)
  to   space 8192K, 0% used [0x00000000d7b80000,0x00000000d7b80000,0x00000000d8380000)
 ParOldGen       total 52736K, used 7403K [0x0000000081a00000, 0x0000000084d80000, 0x00000000d5e00000)
  object space 52736K, 14% used [0x0000000081a00000,0x000000008213ae08,0x0000000084d80000)
 Metaspace       used 26762K, capacity 26968K, committed 27264K, reserved 1073152K
  class space    used 3281K, capacity 3348K, committed 3456K, reserved 1048576K
GC Heap History (10 events):
Event: 2.107 GC heap before
{Heap before GC invocations=3 (full 0):
 PSYoungGen      total 38400K, used 38394K [0x00000000d5e00000, 0x00000000d8880000, 0x0000000100000000)
  eden space 33280K, 100% used [0x00000000d5e00000,0x00000000d7e80000,0x00000000d7e80000)
  from space 5120K, 99% used [0x00000000d8380000,0x00000000d887ea58,0x00000000d8880000)
  to   space 5120K, 0% used [0x00000000d7e80000,0x00000000d7e80000,0x00000000d8380000)
 ParOldGen       total 87552K, used 216K [0x0000000081a00000, 0x0000000086f80000, 0x00000000d5e00000)
  object space 87552K, 0% used [0x0000000081a00000,0x0000000081a360d0,0x0000000086f80000)
 Metaspace       used 17901K, capacity 18054K, committed 18176K, reserved 1064960K
  class space    used 2199K, capacity 2235K, committed 2304K, reserved 1048576K
Event: 2.115 GC heap after
Heap after GC invocations=3 (full 0):
 PSYoungGen      total 38400K, used 5112K [0x00000000d5e00000, 0x00000000d8880000, 0x0000000100000000)
  eden space 33280K, 0% used [0x00000000d5e00000,0x00000000d5e00000,0x00000000d7e80000)
  from space 5120K, 99% used [0x00000000d7e80000,0x00000000d837e078,0x00000000d8380000)
  to   space 5120K, 0% used [0x00000000d8380000,0x00000000d8380000,0x00000000d8880000)
 ParOldGen       total 87552K, used 1651K [0x0000000081a00000, 0x0000000086f80000, 0x00000000d5e00000)
  object space 87552K, 1% used [0x0000000081a00000,0x0000000081b9cef0,0x0000000086f80000)
 Metaspace       used 17901K, capacity 18054K, committed 18176K, reserved 1064960K
  class space    used 2199K, capacity 2235K, committed 2304K, reserved 1048576K
}
Event: 2.382 GC heap before
{Heap before GC invocations=4 (full 0):
 PSYoungGen      total 38400K, used 38392K [0x00000000d5e00000, 0x00000000d8880000, 0x0000000100000000)
  eden space 33280K, 100% used [0x00000000d5e00000,0x00000000d7e80000,0x00000000d7e80000)
  from space 5120K, 99% used [0x00000000d7e80000,0x00000000d837e078,0x00000000d8380000)
  to   space 5120K, 0% used [0x00000000d8380000,0x00000000d8380000,0x00000000d8880000)
 ParOldGen       total 87552K, used 1651K [0x0000000081a00000, 0x0000000086f80000, 0x00000000d5e00000)
  object space 87552K, 1% used [0x0000000081a00000,0x0000000081b9cef0,0x0000000086f80000)
 Metaspace       used 20830K, capacity 21004K, committed 21120K, reserved 1067008K
  class space    used 2570K, capacity 2620K, committed 2688K, reserved 1048576K
Event: 2.391 GC heap after
Heap after GC invocations=4 (full 0):
 PSYoungGen      total 38400K, used 5109K [0x00000000d5e00000, 0x00000000d8880000, 0x0000000100000000)
  eden space 33280K, 0% used [0x00000000d5e00000,0x00000000d5e00000,0x00000000d7e80000)
  from space 5120K, 99% used [0x00000000d8380000,0x00000000d887d478,0x00000000d8880000)
  to   space 5120K, 0% used [0x00000000d7e80000,0x00000000d7e80000,0x00000000d8380000)
 ParOldGen       total 87552K, used 3611K [0x0000000081a00000, 0x0000000086f80000, 0x00000000d5e00000)
  object space 87552K, 4% used [0x0000000081a00000,0x0000000081d86f90,0x0000000086f80000)
 Metaspace       used 20830K, capacity 21004K, committed 21120K, reserved 1067008K
  class space    used 2570K, capacity 2620K, committed 2688K, reserved 1048576K
}
Event: 2.468 GC heap before
{Heap before GC invocations=5 (full 0):
 PSYoungGen      total 38400K, used 30920K [0x00000000d5e00000, 0x00000000d8880000, 0x0000000100000000)
  eden space 33280K, 77% used [0x00000000d5e00000,0x00000000d7734c28,0x00000000d7e80000)
  from space 5120K, 99% used [0x00000000d8380000,0x00000000d887d478,0x00000000d8880000)
  to   space 5120K, 0% used [0x00000000d7e80000,0x00000000d7e80000,0x00000000d8380000)
 ParOldGen       total 87552K, used 3611K [0x0000000081a00000, 0x0000000086f80000, 0x00000000d5e00000)
  object space 87552K, 4% used [0x0000000081a00000,0x0000000081d86f90,0x0000000086f80000)
 Metaspace       used 20953K, capacity 21132K, committed 21296K, reserved 1069056K
  class space    used 2573K, capacity 2620K, committed 2688K, reserved 1048576K
Event: 2.476 GC heap after
Heap after GC invocations=5 (full 0):
 PSYoungGen      total 38400K, used 5108K [0x00000000d5e00000, 0x00000000d8880000, 0x0000000100000000)
  eden space 33280K, 0% used [0x00000000d5e00000,0x00000000d5e00000,0x00000000d7e80000)
  from space 5120K, 99% used [0x00000000d7e80000,0x00000000d837d3f8,0x00000000d8380000)
  to   space 5120K, 0% used [0x00000000d8380000,0x00000000d8380000,0x00000000d8880000)
 ParOldGen       total 87552K, used 3694K [0x0000000081a00000, 0x0000000086f80000, 0x00000000d5e00000)
  object space 87552K, 4% used [0x0000000081a00000,0x0000000081d9ba58,0x0000000086f80000)
 Metaspace       used 20953K, capacity 21132K, committed 21296K, reserved 1069056K
  class space    used 2573K, capacity 2620K, committed 2688K, reserved 1048576K
}
Event: 2.476 GC heap before
{Heap before GC invocations=6 (full 1):
 PSYoungGen      total 38400K, used 5108K [0x00000000d5e00000, 0x00000000d8880000, 0x0000000100000000)
  eden space 33280K, 0% used [0x00000000d5e00000,0x00000000d5e00000,0x00000000d7e80000)
  from space 5120K, 99% used [0x00000000d7e80000,0x00000000d837d3f8,0x00000000d8380000)
  to   space 5120K, 0% used [0x00000000d8380000,0x00000000d8380000,0x00000000d8880000)
 ParOldGen       total 87552K, used 3694K [0x0000000081a00000, 0x0000000086f80000, 0x00000000d5e00000)
  object space 87552K, 4% used [0x0000000081a00000,0x0000000081d9ba58,0x0000000086f80000)
 Metaspace       used 20953K, capacity 21132K, committed 21296K, reserved 1069056K
  class space    used 2573K, capacity 2620K, committed 2688K, reserved 1048576K
Event: 2.513 GC heap after
Heap after GC invocations=6 (full 1):
 PSYoungGen      total 38400K, used 0K [0x00000000d5e00000, 0x00000000d8880000, 0x0000000100000000)
  eden space 33280K, 0% used [0x00000000d5e00000,0x00000000d5e00000,0x00000000d7e80000)
  from space 5120K, 0% used [0x00000000d7e80000,0x00000000d7e80000,0x00000000d8380000)
  to   space 5120K, 0% used [0x00000000d8380000,0x00000000d8380000,0x00000000d8880000)
 ParOldGen       total 52736K, used 5918K [0x0000000081a00000, 0x0000000084d80000, 0x00000000d5e00000)
  object space 52736K, 11% used [0x0000000081a00000,0x0000000081fc7940,0x0000000084d80000)
 Metaspace       used 20953K, capacity 21132K, committed 21296K, reserved 1069056K
  class space    used 2573K, capacity 2620K, committed 2688K, reserved 1048576K
}
Event: 2.886 GC heap before
{Heap before GC invocations=7 (full 1):
 PSYoungGen      total 38400K, used 33280K [0x00000000d5e00000, 0x00000000d8880000, 0x0000000100000000)
  eden space 33280K, 100% used [0x00000000d5e00000,0x00000000d7e80000,0x00000000d7e80000)
  from space 5120K, 0% used [0x00000000d7e80000,0x00000000d7e80000,0x00000000d8380000)
  to   space 5120K, 0% used [0x00000000d8380000,0x00000000d8380000,0x00000000d8880000)
 ParOldGen       total 52736K, used 5918K [0x0000000081a00000, 0x0000000084d80000, 0x00000000d5e00000)
  object space 52736K, 11% used [0x0000000081a00000,0x0000000081fc7940,0x0000000084d80000)
 Metaspace       used 24795K, capacity 25062K, committed 25216K, reserved 1071104K
  class space    used 3045K, capacity 3121K, committed 3200K, reserved 1048576K
Event: 2.891 GC heap after
Heap after GC invocations=7 (full 1):
 PSYoungGen      total 35328K, used 5113K [0x00000000d5e00000, 0x00000000da400000, 0x0000000100000000)
  eden space 30208K, 0% used [0x00000000d5e00000,0x00000000d5e00000,0x00000000d7b80000)
  from space 5120K, 99% used [0x00000000d8380000,0x00000000d887e750,0x00000000d8880000)
  to   space 8192K, 0% used [0x00000000d7b80000,0x00000000d7b80000,0x00000000d8380000)
 ParOldGen       total 52736K, used 7403K [0x0000000081a00000, 0x0000000084d80000, 0x00000000d5e00000)
  object space 52736K, 14% used [0x0000000081a00000,0x000000008213ae08,0x0000000084d80000)
 Metaspace       used 24795K, capacity 25062K, committed 25216K, reserved 1071104K
  class space    used 3045K, capacity 3121K, committed 3200K, reserved 1048576K
}

