# JRE version: Java(TM) SE Runtime Environment (8.0_192-b12) (build 1.8.0_192-b12)
# Java VM: Java HotSpot(TM) 64-Bit Server VM (25.192-b12 mixed mode windows-amd64 compressed oops)
Heap:
 PSYoungGen      total 71680K, used 19286K [0x00000000d5e00000, 0x00000000da900000, 0x0000000100000000)
  eden space 66560K, 21% used [0x00000000d5e00000,0x00000000d6bd6630,0x00000000d9f00000)
  from space 5120K, 99% used [0x00000000da400000,0x00000000da8ff510,0x00000000da900000)
  to   space 5120K, 0% used [0x00000000d9f00000,0x00000000d9f00000,0x00000000da400000)
 ParOldGen       total 52224K, used 11042K [0x0000000081a00000, 0x0000000084d00000, 0x00000000d5e00000)
  object space 52224K, 21% used [0x0000000081a00000,0x00000000824c8880,0x0000000084d00000)
 Metaspace       used 29173K, capacity 29486K, committed 29824K, reserved 1075200K
  class space    used 3548K, capacity 3627K, committed 3712K, reserved 1048576K
GC Heap History (10 events):
Event: 2.175 GC heap before
{Heap before GC invocations=3 (full 0):
 PSYoungGen      total 38400K, used 38394K [0x00000000d5e00000, 0x00000000da900000, 0x0000000100000000)
  eden space 33280K, 100% used [0x00000000d5e00000,0x00000000d7e80000,0x00000000d7e80000)
  from space 5120K, 99% used [0x00000000d8380000,0x00000000d887ea58,0x00000000d8880000)
  to   space 5120K, 0% used [0x00000000d7e80000,0x00000000d7e80000,0x00000000d8380000)
 ParOldGen       total 87552K, used 238K [0x0000000081a00000, 0x0000000086f80000, 0x00000000d5e00000)
  object space 87552K, 0% used [0x0000000081a00000,0x0000000081a3ba68,0x0000000086f80000)
 Metaspace       used 18038K, capacity 18182K, committed 18432K, reserved 1064960K
  class space    used 2211K, capacity 2235K, committed 2304K, reserved 1048576K
Event: 2.183 GC heap after
Heap after GC invocations=3 (full 0):
 PSYoungGen      total 38400K, used 5109K [0x00000000d5e00000, 0x00000000da900000, 0x0000000100000000)
  eden space 33280K, 0% used [0x00000000d5e00000,0x00000000d5e00000,0x00000000d7e80000)
  from space 5120K, 99% used [0x00000000d7e80000,0x00000000d837d6a0,0x00000000d8380000)
  to   space 5120K, 0% used [0x00000000da400000,0x00000000da400000,0x00000000da900000)
 ParOldGen       total 87552K, used 1681K [0x0000000081a00000, 0x0000000086f80000, 0x00000000d5e00000)
  object space 87552K, 1% used [0x0000000081a00000,0x0000000081ba4468,0x0000000086f80000)
 Metaspace       used 18038K, capacity 18182K, committed 18432K, reserved 1064960K
  class space    used 2211K, capacity 2235K, committed 2304K, reserved 1048576K
}
Event: 2.479 GC heap before
{Heap before GC invocations=4 (full 0):
 PSYoungGen      total 38400K, used 38389K [0x00000000d5e00000, 0x00000000da900000, 0x0000000100000000)
  eden space 33280K, 100% used [0x00000000d5e00000,0x00000000d7e80000,0x00000000d7e80000)
  from space 5120K, 99% used [0x00000000d7e80000,0x00000000d837d6a0,0x00000000d8380000)
  to   space 5120K, 0% used [0x00000000da400000,0x00000000da400000,0x00000000da900000)
 ParOldGen       total 87552K, used 1681K [0x0000000081a00000, 0x0000000086f80000, 0x00000000d5e00000)
  object space 87552K, 1% used [0x0000000081a00000,0x0000000081ba4468,0x0000000086f80000)
 Metaspace       used 20891K, capacity 21068K, committed 21296K, reserved 1069056K
  class space    used 2570K, capacity 2620K, committed 2688K, reserved 1048576K
Event: 2.487 GC heap after
Heap after GC invocations=4 (full 0):
 PSYoungGen      total 71680K, used 5103K [0x00000000d5e00000, 0x00000000da900000, 0x0000000100000000)
  eden space 66560K, 0% used [0x00000000d5e00000,0x00000000d5e00000,0x00000000d9f00000)
  from space 5120K, 99% used [0x00000000da400000,0x00000000da8fbd48,0x00000000da900000)
  to   space 5120K, 0% used [0x00000000d9f00000,0x00000000d9f00000,0x00000000da400000)
 ParOldGen       total 87552K, used 3534K [0x0000000081a00000, 0x0000000086f80000, 0x00000000d5e00000)
  object space 87552K, 4% used [0x0000000081a00000,0x0000000081d739e0,0x0000000086f80000)
 Metaspace       used 20891K, capacity 21068K, committed 21296K, reserved 1069056K
  class space    used 2570K, capacity 2620K, committed 2688K, reserved 1048576K
}
Event: 2.570 GC heap before
{Heap before GC invocations=5 (full 0):
 PSYoungGen      total 71680K, used 30612K [0x00000000d5e00000, 0x00000000da900000, 0x0000000100000000)
  eden space 66560K, 38% used [0x00000000d5e00000,0x00000000d76e9560,0x00000000d9f00000)
  from space 5120K, 99% used [0x00000000da400000,0x00000000da8fbd48,0x00000000da900000)
  to   space 5120K, 0% used [0x00000000d9f00000,0x00000000d9f00000,0x00000000da400000)
 ParOldGen       total 87552K, used 3534K [0x0000000081a00000, 0x0000000086f80000, 0x00000000d5e00000)
  object space 87552K, 4% used [0x0000000081a00000,0x0000000081d739e0,0x0000000086f80000)
 Metaspace       used 21005K, capacity 21132K, committed 21296K, reserved 1069056K
  class space    used 2573K, capacity 2620K, committed 2688K, reserved 1048576K
Event: 2.578 GC heap after
Heap after GC invocations=5 (full 0):
 PSYoungGen      total 71680K, used 5103K [0x00000000d5e00000, 0x00000000da900000, 0x0000000100000000)
  eden space 66560K, 0% used [0x00000000d5e00000,0x00000000d5e00000,0x00000000d9f00000)
  from space 5120K, 99% used [0x00000000d9f00000,0x00000000da3fbd68,0x00000000da400000)
  to   space 5120K, 0% used [0x00000000da400000,0x00000000da400000,0x00000000da900000)
 ParOldGen       total 87552K, used 3705K [0x0000000081a00000, 0x0000000086f80000, 0x00000000d5e00000)
  object space 87552K, 4% used [0x0000000081a00000,0x0000000081d9e4a8,0x0000000086f80000)
 Metaspace       used 21005K, capacity 21132K, committed 21296K, reserved 1069056K
  class space    used 2573K, capacity 2620K, committed 2688K, reserved 1048576K
}
Event: 2.578 GC heap before
{Heap before GC invocations=6 (full 1):
 PSYoungGen      total 71680K, used 5103K [0x00000000d5e00000, 0x00000000da900000, 0x0000000100000000)
  eden space 66560K, 0% used [0x00000000d5e00000,0x00000000d5e00000,0x00000000d9f00000)
  from space 5120K, 99% used [0x00000000d9f00000,0x00000000da3fbd68,0x00000000da400000)
  to   space 5120K, 0% used [0x00000000da400000,0x00000000da400000,0x00000000da900000)
 ParOldGen       total 87552K, used 3705K [0x0000000081a00000, 0x0000000086f80000, 0x00000000d5e00000)
  object space 87552K, 4% used [0x0000000081a00000,0x0000000081d9e4a8,0x0000000086f80000)
 Metaspace       used 21005K, capacity 21132K, committed 21296K, reserved 1069056K
  class space    used 2573K, capacity 2620K, committed 2688K, reserved 1048576K
Event: 2.613 GC heap after
Heap after GC invocations=6 (full 1):
 PSYoungGen      total 71680K, used 0K [0x00000000d5e00000, 0x00000000da900000, 0x0000000100000000)
  eden space 66560K, 0% used [0x00000000d5e00000,0x00000000d5e00000,0x00000000d9f00000)
  from space 5120K, 0% used [0x00000000d9f00000,0x00000000d9f00000,0x00000000da400000)
  to   space 5120K, 0% used [0x00000000da400000,0x00000000da400000,0x00000000da900000)
 ParOldGen       total 52224K, used 5902K [0x0000000081a00000, 0x0000000084d00000, 0x00000000d5e00000)
  object space 52224K, 11% used [0x0000000081a00000,0x0000000081fc3840,0x0000000084d00000)
 Metaspace       used 21005K, capacity 21132K, committed 21296K, reserved 1069056K
  class space    used 2573K, capacity 2620K, committed 2688K, reserved 1048576K
}
Event: 3.373 GC heap before
{Heap before GC invocations=7 (full 1):
 PSYoungGen      total 71680K, used 66560K [0x00000000d5e00000, 0x00000000da900000, 0x0000000100000000)
  eden space 66560K, 100% used [0x00000000d5e00000,0x00000000d9f00000,0x00000000d9f00000)
  from space 5120K, 0% used [0x00000000d9f00000,0x00000000d9f00000,0x00000000da400000)
  to   space 5120K, 0% used [0x00000000da400000,0x00000000da400000,0x00000000da900000)
 ParOldGen       total 52224K, used 5902K [0x0000000081a00000, 0x0000000084d00000, 0x00000000d5e00000)
  object space 52224K, 11% used [0x0000000081a00000,0x0000000081fc3840,0x0000000084d00000)
 Metaspace       used 27201K, capacity 27466K, committed 27776K, reserved 1073152K
  class space    used 3330K, capacity 3383K, committed 3456K, reserved 1048576K
Event: 3.382 GC heap after
Heap after GC invocations=7 (full 1):
 PSYoungGen      total 71680K, used 5117K [0x00000000d5e00000, 0x00000000da900000, 0x0000000100000000)
  eden space 66560K, 0% used [0x00000000d5e00000,0x00000000d5e00000,0x00000000d9f00000)
  from space 5120K, 99% used [0x00000000da400000,0x00000000da8ff510,0x00000000da900000)
  to   space 5120K, 0% used [0x00000000d9f00000,0x00000000d9f00000,0x00000000da400000)
 ParOldGen       total 52224K, used 11042K [0x0000000081a00000, 0x0000000084d00000, 0x00000000d5e00000)
  object space 52224K, 21% used [0x0000000081a00000,0x00000000824c8880,0x0000000084d00000)
 Metaspace       used 27201K, capacity 27466K, committed 27776K, reserved 1073152K
  class space    used 3330K, capacity 3383K, committed 3456K, reserved 1048576K
}

